[33mERROR[39m: 409 - POST /api/sessions/register - This email is already taken. Please use a different one or log in. - 1:08:15 PM [33mERROR[39m: 409 - POST /api/sessions/register - This email is already taken. Please use a different one or log in. - 7:09:57 PM 
[33mERROR[39m: 403 - POST / - Forbidden from policies - 7:17:30 PM 
[33mERROR[39m: 409 - POST /api/sessions/register - This email is already taken. Please use a different one or log in. - 7:21:58 PM 
[33mERROR[39m: 403 - POST / - Forbidden from policies - 7:29:28 PM 
[33mERROR[39m: undefined - POST /api/products - Class constructor CustomError cannot be invoked without 'new' - 7:35:50 PM 
[33mERROR[39m: 403 - POST /api/products - Forbidden Action - 7:36:14 PM 
[33mERROR[39m: 403 - POST /api/products - Forbidden Action - 7:36:32 PM 
[33mERROR[39m: 403 - POST /api/products - Forbidden Action - 7:37:50 PM 
[33mERROR[39m: 403 - POST /api/products - Forbidden Action - 7:37:58 PM 
[33mERROR[39m: 403 - POST /api/products - Forbidden Action - 7:38:01 PM 
[33mERROR[39m: 403 - POST /api/products - Forbidden Action - 7:38:14 PM 
[33mERROR[39m: 401 - POST /api/products - Bad Auth - 7:38:40 PM 
[33mERROR[39m: 403 - POST /api/products - Forbidden Action - 7:38:54 PM 
[33mERROR[39m: 403 - POST /api/products - Forbidden Action - 7:40:00 PM 
[33mERROR[39m: 403 - POST /api/products - Forbidden Action - 7:41:12 PM 
[33mERROR[39m: 403 - POST /api/products - Forbidden Action - 7:45:02 PM 
[33mERROR[39m: 403 - POST /api/products - Forbidden Action - 7:45:10 PM 
[33mERROR[39m: 403 - POST /api/products - Forbidden Action - 7:45:17 PM 
[33mERROR[39m: 403 - POST /api/products - Forbidden Action - 7:54:14 PM 
[33mERROR[39m: 403 - POST /api/products - Forbidden Action - 7:54:24 PM 
[33mERROR[39m: 404 - GET /api/users/email/charlesgarde@gmail.com - Not Found - 7:58:54 PM 
[33mERROR[39m: 404 - GET /api/users/email/charlesgarde@gmail.com - Not Found - 7:58:55 PM 
[33mERROR[39m: 404 - GET /api/users/email/charlesgarde@gmail.com - Not Found - 7:59:00 PM 
[33mERROR[39m: 404 - GET /api/carts/6a5ffc7a3921667fe022f911 - Not Found - 8:48:58 PM 
[33mERROR[39m: 404 - GET /api/carts/6a5ffc7a3921667fe022f911 - Not Found - 8:51:18 PM 
[33mERROR[39m: 404 - GET /api/carts/6a5ffc7a3921667fe022f911 - Item not found - 8:51:42 PM 
[33mERROR[39m: 409 - POST /api/sessions/register - This email is already taken. Please use a different one or log in. - 9:31:39 PM 
[33mERROR[39m: 409 - POST /api/sessions/register - This email is already taken. Please use a different one or log in. - 9:31:48 PM 
[33mERROR[39m: 401 - POST /api/sessions/login - Invalid credentials. Please check your information and try again. - 9:31:57 PM 
